TN:
SF:lib/core/params/competition_request_params.dart
FNF:0
FNH:0
DA:6,10
DA:11,0
DA:12,0
LF:3
LH:1
end_of_record
TN:
SF:lib/core/params/match_request_params.dart
FNF:0
FNH:0
DA:6,4
DA:18,1
DA:19,5
LF:3
LH:3
end_of_record
TN:
SF:lib/core/params/team_request_params.dart
FNF:0
FNH:0
DA:6,4
DA:12,1
DA:13,2
LF:3
LH:3
end_of_record
TN:
SF:lib/core/resources/data_state.dart
FNF:0
FNH:0
DA:5,7
DA:12,14
DA:16,6
DA:20,2
DA:21,2
DA:22,4
DA:23,2
DA:24,4
DA:26,0
LF:9
LH:8
end_of_record
TN:
SF:lib/data/repositories/extensions.dart
FNF:0
FNH:0
DA:8,2
DA:9,6
DA:10,6
DA:12,1
DA:13,1
DA:14,2
DA:15,1
DA:16,2
LF:8
LH:8
end_of_record
TN:
SF:lib/data/repositories/football_repository_impl.dart
FNF:0
FNH:0
DA:18,1
DA:22,0
DA:28,1
DA:31,3
DA:32,1
DA:33,1
DA:34,1
DA:35,1
DA:36,1
DA:39,1
DA:40,2
DA:42,0
DA:43,0
DA:48,1
DA:51,3
DA:52,1
DA:53,1
DA:55,3
DA:56,0
DA:57,0
DA:62,1
DA:67,3
DA:68,1
DA:69,1
DA:72,3
DA:73,0
DA:74,0
LF:27
LH:20
end_of_record
TN:
SF:lib/domain/usecases/get_competitions_usecase.dart
FNF:0
FNH:0
DA:9,1
DA:13,1
DA:15,2
LF:3
LH:3
end_of_record
TN:
SF:lib/domain/usecases/get_match_usecase.dart
FNF:0
FNH:0
DA:10,1
DA:14,1
DA:16,2
LF:3
LH:3
end_of_record
TN:
SF:lib/domain/usecases/get_team_usecase.dart
FNF:0
FNH:0
DA:8,1
DA:12,1
DA:14,2
LF:3
LH:3
end_of_record
TN:
SF:lib/presentation/competition/components/circular_loading.dart
FNF:0
FNH:0
DA:4,1
DA:6,0
DA:8,0
DA:10,0
LF:4
LH:1
end_of_record
TN:
SF:lib/presentation/competition/components/club_icon.dart
FNF:0
FNH:0
DA:9,1
DA:12,0
DA:16,1
DA:17,1
DA:19,1
DA:20,1
DA:26,0
DA:27,0
DA:28,0
DA:34,0
DA:36,1
DA:41,0
DA:44,0
DA:48,0
DA:50,0
DA:51,0
DA:55,0
LF:17
LH:6
end_of_record
TN:
SF:lib/presentation/competition/components/key_title_and_bold_value.dart
FNF:0
FNH:0
DA:4,1
DA:8,0
DA:13,1
DA:15,1
DA:16,2
DA:17,1
DA:18,2
DA:19,1
DA:20,2
DA:21,1
DA:22,1
LF:11
LH:10
end_of_record
TN:
SF:lib/presentation/competition/logic/competition_cubit.dart
FNF:0
FNH:0
DA:11,1
DA:14,2
DA:17,1
DA:18,2
DA:20,3
DA:23,1
DA:24,3
DA:25,3
LF:8
LH:8
end_of_record
TN:
SF:lib/presentation/competition/logic/competition_state.dart
FNF:0
FNH:0
DA:11,1
LF:1
LH:1
end_of_record
TN:
SF:lib/presentation/competition/logic/team_cubit.dart
FNF:0
FNH:0
DA:20,1
DA:23,2
DA:30,1
DA:31,2
DA:33,2
DA:34,3
DA:37,1
DA:38,1
DA:43,0
DA:46,4
DA:47,3
DA:50,1
DA:51,4
DA:53,1
DA:54,1
DA:57,1
DA:58,4
DA:59,3
DA:62,1
DA:63,1
DA:64,0
DA:66,1
DA:69,0
DA:70,0
DA:72,0
DA:76,1
DA:77,2
DA:78,0
DA:80,1
DA:81,3
DA:83,1
DA:86,2
DA:87,2
DA:88,2
DA:89,0
DA:90,0
DA:91,0
DA:92,0
DA:96,1
DA:97,4
DA:99,0
DA:100,0
DA:102,0
DA:104,0
LF:44
LH:30
end_of_record
TN:
SF:lib/presentation/competition/logic/team_state.dart
FNF:0
FNH:0
DA:4,4
DA:8,0
DA:9,0
DA:13,1
DA:14,1
DA:18,1
DA:24,1
DA:25,2
DA:30,4
DA:36,1
DA:37,2
DA:41,0
DA:42,0
LF:13
LH:9
end_of_record
