SF:lib/domain/entities/area.dart
DA:4,5
DA:12,2
DA:13,2
DA:14,2
DA:15,2
DA:18,2
LF:6
LH:6
end_of_record
SF:lib/domain/entities/competition.dart
DA:6,3
DA:28,1
DA:29,1
DA:30,1
DA:31,1
DA:32,1
DA:33,1
DA:34,1
DA:35,1
DA:36,1
DA:37,1
DA:38,1
DA:41,1
LF:13
LH:13
end_of_record
SF:lib/domain/entities/current_season.dart
DA:5,3
DA:19,1
DA:20,1
DA:21,1
DA:22,1
DA:23,1
DA:24,1
DA:25,1
DA:28,1
LF:9
LH:9
end_of_record
SF:lib/domain/entities/winner.dart
DA:4,3
DA:18,1
DA:19,6
LF:3
LH:3
end_of_record
SF:lib/core/params/competition_request_params.dart
DA:6,5
DA:11,0
DA:12,0
LF:3
LH:1
end_of_record
SF:lib/core/resources/data_state.dart
DA:5,7
DA:12,14
DA:16,6
DA:20,2
DA:21,2
DA:22,4
DA:23,2
DA:24,4
DA:26,0
LF:9
LH:8
end_of_record
SF:lib/domain/usecases/get_competitions_usecase.dart
DA:8,1
DA:12,1
DA:14,2
LF:3
LH:3
end_of_record
SF:lib/presentation/competition/logic/competition_state.dart
DA:7,0
DA:8,0
DA:12,1
DA:13,1
DA:17,1
DA:23,1
DA:24,2
DA:28,1
DA:29,1
LF:9
LH:7
end_of_record
SF:lib/presentation/competition/logic/competition_cubit.dart
DA:13,1
DA:16,2
DA:19,1
DA:20,2
DA:21,3
DA:24,1
DA:25,4
DA:26,3
DA:30,1
DA:31,1
DA:32,0
DA:33,0
DA:36,1
DA:41,1
DA:42,5
LF:15
LH:13
end_of_record
SF:lib/core/params/match_request_params.dart
DA:6,4
DA:18,1
DA:19,5
LF:3
LH:3
end_of_record
SF:lib/core/params/team_request_params.dart
DA:6,4
DA:12,1
DA:13,2
LF:3
LH:3
end_of_record
SF:lib/domain/entities/team.dart
DA:7,3
DA:43,1
DA:44,1
DA:45,1
DA:46,1
DA:47,1
DA:48,1
DA:49,1
DA:50,1
DA:51,1
DA:52,1
DA:53,1
DA:54,1
DA:55,1
DA:56,1
DA:57,1
DA:58,1
DA:59,1
DA:60,1
DA:63,1
LF:20
LH:20
end_of_record
SF:lib/domain/entities/active_competitions.dart
DA:5,0
DA:21,0
DA:22,0
DA:23,0
DA:24,0
DA:25,0
DA:26,0
DA:27,0
DA:28,0
DA:31,0
LF:10
LH:0
end_of_record
SF:lib/domain/entities/match.dart
DA:9,2
DA:37,0
DA:38,0
DA:39,0
DA:40,0
DA:41,0
DA:42,0
DA:43,0
DA:44,0
DA:45,0
DA:46,0
DA:47,0
DA:48,0
DA:49,0
DA:50,0
DA:53,0
LF:16
LH:1
end_of_record
SF:lib/domain/entities/home_team.dart
DA:4,2
DA:12,0
DA:13,0
DA:14,0
DA:15,0
DA:18,0
LF:6
LH:1
end_of_record
SF:lib/domain/entities/odds.dart
DA:6,0
DA:12,0
DA:14,0
DA:15,0
DA:18,0
LF:5
LH:0
end_of_record
SF:lib/domain/entities/referees.dart
DA:4,0
DA:16,0
DA:17,0
DA:18,0
DA:19,0
DA:20,0
DA:21,0
DA:24,0
LF:8
LH:0
end_of_record
SF:lib/domain/entities/score.dart
DA:5,0
DA:21,0
DA:22,0
DA:23,0
DA:24,0
DA:25,0
DA:26,0
DA:27,0
DA:28,0
DA:31,0
LF:10
LH:0
end_of_record
SF:lib/domain/entities/season.dart
DA:4,0
DA:16,0
DA:17,0
DA:18,0
DA:19,0
DA:20,0
DA:21,0
DA:24,0
LF:8
LH:0
end_of_record
SF:lib/domain/entities/stop_time.dart
DA:4,0
DA:9,0
DA:12,0
DA:13,0
DA:14,0
DA:15,0
LF:6
LH:0
end_of_record
SF:lib/domain/entities/squad.dart
DA:4,0
DA:24,0
DA:25,0
DA:26,0
DA:27,0
DA:28,0
DA:29,0
DA:30,0
DA:31,0
DA:32,0
DA:33,0
DA:36,0
LF:12
LH:0
end_of_record
SF:lib/domain/usecases/get_match_usecase.dart
DA:9,1
DA:13,1
DA:15,2
LF:3
LH:3
end_of_record
SF:lib/domain/usecases/get_team_usecase.dart
DA:8,1
DA:12,1
DA:14,2
LF:3
LH:3
end_of_record
SF:lib/presentation/competition/logic/team_state.dart
DA:4,8
DA:8,0
DA:9,0
DA:13,1
DA:14,1
DA:18,1
DA:24,1
DA:25,2
DA:29,8
DA:35,1
DA:36,2
DA:40,0
DA:41,0
LF:13
LH:9
end_of_record
SF:lib/presentation/competition/logic/team_cubit.dart
DA:20,1
DA:25,2
DA:33,1
DA:34,2
DA:35,3
DA:36,2
DA:37,3
DA:40,1
DA:41,1
DA:42,0
DA:44,1
DA:46,4
DA:47,3
DA:50,5
DA:52,1
DA:53,2
DA:55,1
DA:56,4
DA:57,3
DA:60,1
DA:61,1
DA:62,0
DA:64,1
DA:67,1
DA:68,1
DA:70,4
DA:74,1
DA:75,2
DA:77,4
DA:79,1
DA:82,2
DA:83,1
DA:84,2
DA:85,0
DA:86,0
DA:87,0
DA:88,0
DA:92,5
DA:94,0
DA:96,0
DA:98,0
DA:102,1
DA:103,6
DA:104,0
DA:105,0
DA:107,3
DA:109,5
DA:110,1
DA:111,1
LF:49
LH:38
end_of_record
SF:lib/presentation/competition/components/club_icon.dart
DA:9,1
DA:12,0
DA:16,1
DA:17,1
DA:19,1
DA:20,1
DA:26,0
DA:27,0
DA:28,0
DA:34,0
DA:36,1
DA:41,0
DA:44,0
DA:48,0
DA:50,0
DA:51,0
DA:55,0
LF:17
LH:6
end_of_record
SF:lib/presentation/competition/components/text_with_bold_value.dart
DA:4,1
DA:10,0
DA:15,1
DA:17,1
DA:18,2
DA:19,1
DA:20,2
DA:21,1
DA:22,2
DA:23,1
DA:24,1
LF:11
LH:10
end_of_record
SF:lib/data/datasources/remote/football_api_service.g.dart
DA:10,0
DA:11,0
DA:19,0
DA:26,0
DA:31,0
DA:32,0
DA:33,0
DA:34,0
DA:35,0
DA:36,0
DA:37,0
DA:39,0
DA:41,0
DA:42,0
DA:43,0
DA:44,0
DA:49,0
DA:52,0
DA:53,0
DA:54,0
DA:55,0
DA:56,0
DA:57,0
DA:58,0
DA:60,0
DA:62,0
DA:63,0
DA:64,0
DA:65,0
DA:70,0
DA:73,0
DA:74,0
DA:75,0
DA:76,0
DA:77,0
DA:78,0
DA:79,0
DA:81,0
DA:84,0
DA:85,0
DA:86,0
DA:90,0
DA:91,0
DA:95,0
DA:97,0
DA:98,0
DA:99,0
DA:100,0
DA:101,0
DA:102,0
DA:103,0
DA:104,0
DA:105,0
DA:106,0
DA:107,0
DA:108,0
DA:109,0
DA:110,0
DA:115,0
DA:116,0
DA:117,0
DA:118,0
DA:119,0
DA:120,0
DA:122,0
LF:65
LH:0
end_of_record
SF:lib/data/models/responses/competition_response_model.dart
DA:10,2
DA:15,0
DA:16,0
DA:23,0
LF:4
LH:1
end_of_record
SF:lib/data/models/responses/competition_response_model.g.dart
DA:9,0
DA:11,0
DA:12,0
DA:13,0
DA:17,0
DA:19,0
DA:20,0
DA:21,0
LF:8
LH:0
end_of_record
SF:lib/data/models/responses/match_response_model.dart
DA:9,1
DA:14,0
DA:15,0
DA:21,0
LF:4
LH:1
end_of_record
SF:lib/data/models/responses/match_response_model.g.dart
DA:9,0
DA:10,0
DA:11,0
DA:12,0
DA:16,0
DA:17,0
DA:18,0
DA:19,0
LF:8
LH:0
end_of_record
SF:lib/data/models/responses/team_response_model.dart
DA:9,1
DA:13,0
DA:14,0
DA:19,0
LF:4
LH:1
end_of_record
SF:lib/data/models/responses/team_response_model.g.dart
DA:9,0
DA:10,0
DA:11,0
DA:15,0
DA:16,0
DA:17,0
LF:6
LH:0
end_of_record
SF:lib/data/repositories/football_repository_impl.dart
DA:18,1
DA:22,0
DA:28,1
DA:30,3
DA:31,1
DA:32,1
DA:33,1
DA:34,1
DA:35,1
DA:38,1
DA:39,2
DA:41,0
DA:42,0
DA:47,1
DA:50,3
DA:51,1
DA:52,1
DA:54,3
DA:55,0
DA:56,0
DA:61,1
DA:66,3
DA:67,1
DA:68,1
DA:71,3
DA:72,0
DA:73,0
LF:27
LH:20
end_of_record
SF:lib/data/models/team_model.dart
DA:12,1
DA:29,0
DA:48,0
DA:66,0
LF:4
LH:1
end_of_record
SF:lib/data/models/team_model.g.dart
DA:9,0
DA:10,0
DA:11,0
DA:12,0
DA:14,0
DA:15,0
DA:16,0
DA:17,0
DA:18,0
DA:19,0
DA:20,0
DA:21,0
DA:22,0
DA:23,0
DA:24,0
DA:25,0
DA:26,0
DA:27,0
DA:31,0
DA:32,0
DA:33,0
DA:34,0
DA:35,0
DA:36,0
DA:37,0
DA:38,0
DA:39,0
DA:40,0
DA:41,0
DA:42,0
DA:43,0
DA:44,0
DA:45,0
DA:46,0
DA:48,0
LF:35
LH:0
end_of_record
SF:lib/data/models/active_competitions_model.dart
DA:10,0
DA:17,0
DA:26,0
DA:33,0
LF:4
LH:0
end_of_record
SF:lib/data/models/active_competitions_model.g.dart
DA:9,0
DA:11,0
DA:12,0
DA:13,0
DA:14,0
DA:15,0
DA:16,0
DA:17,0
DA:21,0
DA:23,0
DA:24,0
DA:25,0
DA:26,0
DA:27,0
DA:28,0
DA:29,0
LF:16
LH:0
end_of_record
SF:lib/data/models/area_model.dart
DA:8,0
DA:11,0
DA:13,0
DA:15,0
LF:4
LH:0
end_of_record
SF:lib/data/models/area_model.g.dart
DA:9,0
DA:10,0
DA:11,0
DA:12,0
DA:16,0
DA:17,0
DA:18,0
LF:7
LH:0
end_of_record
SF:lib/data/models/helpers/json_helpers.dart
DA:17,0
DA:19,0
DA:21,0
DA:23,0
DA:25,0
DA:27,0
DA:29,0
DA:30,0
DA:32,0
DA:33,0
DA:35,0
DA:38,0
DA:40,0
DA:44,0
DA:45,0
DA:47,0
DA:49,0
DA:51,0
DA:53,0
DA:55,0
DA:57,0
DA:59,0
DA:61,0
DA:63,0
DA:65,0
DA:68,0
DA:70,0
DA:71,0
DA:73,0
DA:76,0
DA:78,0
DA:79,0
DA:80,0
DA:82,0
DA:84,0
DA:85,0
DA:87,0
DA:88,0
DA:90,0
DA:92,0
DA:94,0
LF:41
LH:0
end_of_record
SF:lib/data/models/competition_model.dart
DA:11,0
DA:21,0
DA:33,0
DA:45,0
LF:4
LH:0
end_of_record
SF:lib/data/models/competition_model.g.dart
DA:9,0
DA:10,0
DA:11,0
DA:12,0
DA:13,0
DA:14,0
DA:15,0
DA:16,0
DA:18,0
DA:19,0
DA:20,0
DA:24,0
DA:25,0
DA:26,0
DA:27,0
DA:28,0
DA:29,0
DA:30,0
DA:31,0
DA:32,0
DA:33,0
DA:34,0
LF:22
LH:0
end_of_record
SF:lib/data/models/current_season_model.dart
DA:10,0
DA:16,0
DA:24,0
DA:29,0
LF:4
LH:0
end_of_record
SF:lib/data/models/current_season_model.g.dart
DA:9,0
DA:10,0
DA:11,0
DA:12,0
DA:13,0
DA:14,0
DA:15,0
DA:19,0
DA:20,0
DA:21,0
DA:22,0
DA:23,0
DA:24,0
DA:25,0
LF:14
LH:0
end_of_record
SF:lib/data/models/winner_model.dart
DA:8,0
DA:14,0
DA:22,0
DA:24,0
LF:4
LH:0
end_of_record
SF:lib/data/models/winner_model.g.dart
DA:9,0
DA:10,0
DA:11,0
DA:12,0
DA:13,0
DA:14,0
DA:15,0
DA:19,0
DA:20,0
DA:21,0
DA:22,0
DA:23,0
DA:24,0
DA:25,0
LF:14
LH:0
end_of_record
SF:lib/data/models/local_team_model.dart
DA:8,0
DA:11,0
DA:13,0
DA:15,0
LF:4
LH:0
end_of_record
SF:lib/data/models/local_team_model.g.dart
DA:9,0
DA:10,0
DA:11,0
DA:12,0
DA:16,0
DA:17,0
DA:18,0
DA:19,0
LF:8
LH:0
end_of_record
SF:lib/data/models/match_model.dart
DA:14,0
DA:27,0
DA:42,0
DA:70,0
LF:4
LH:0
end_of_record
SF:lib/data/models/match_model.g.dart
DA:9,0
DA:10,0
DA:11,0
DA:12,0
DA:13,0
DA:14,0
DA:15,0
DA:16,0
DA:17,0
DA:18,0
DA:19,0
DA:20,0
DA:21,0
DA:22,0
DA:26,0
DA:27,0
DA:28,0
DA:29,0
DA:30,0
DA:31,0
DA:32,0
DA:33,0
DA:34,0
DA:35,0
DA:36,0
DA:37,0
DA:38,0
DA:39,0
LF:28
LH:0
end_of_record
SF:lib/data/models/odds_model.dart
DA:8,0
DA:10,0
DA:12,0
LF:3
LH:0
end_of_record
SF:lib/data/models/odds_model.g.dart
DA:9,0
DA:10,0
DA:11,0
DA:15,0
DA:16,0
LF:5
LH:0
end_of_record
SF:lib/data/models/referees_model.dart
DA:8,0
DA:13,0
DA:20,0
DA:22,0
LF:4
LH:0
end_of_record
SF:lib/data/models/referees_model.g.dart
DA:9,0
DA:10,0
DA:11,0
DA:12,0
DA:13,0
DA:14,0
DA:18,0
DA:19,0
DA:20,0
DA:21,0
DA:22,0
DA:23,0
LF:12
LH:0
end_of_record
SF:lib/data/models/score_model.dart
DA:12,0
DA:19,0
DA:28,0
DA:47,0
LF:4
LH:0
end_of_record
SF:lib/data/models/score_model.g.dart
DA:9,0
DA:10,0
DA:11,0
DA:12,0
DA:13,0
DA:14,0
DA:15,0
DA:16,0
DA:20,0
DA:21,0
DA:22,0
DA:23,0
DA:24,0
DA:25,0
DA:26,0
DA:27,0
LF:16
LH:0
end_of_record
SF:lib/data/models/season_model.dart
DA:8,0
DA:13,0
DA:20,0
DA:22,0
LF:4
LH:0
end_of_record
SF:lib/data/models/season_model.g.dart
DA:9,0
DA:10,0
DA:11,0
DA:12,0
DA:13,0
DA:14,0
DA:18,0
DA:19,0
DA:20,0
DA:21,0
DA:22,0
DA:23,0
LF:12
LH:0
end_of_record
SF:lib/data/models/squad_model.dart
DA:8,0
DA:17,0
DA:28,0
DA:30,0
LF:4
LH:0
end_of_record
SF:lib/data/models/squad_model.g.dart
DA:9,0
DA:10,0
DA:11,0
DA:12,0
DA:13,0
DA:14,0
DA:15,0
DA:16,0
DA:17,0
DA:18,0
DA:22,0
DA:23,0
DA:24,0
DA:25,0
DA:26,0
DA:27,0
DA:28,0
DA:29,0
DA:30,0
DA:31,0
LF:20
LH:0
end_of_record
SF:lib/data/models/stop_time_model.dart
DA:8,0
DA:11,0
DA:16,0
DA:18,0
LF:4
LH:0
end_of_record
SF:lib/data/models/stop_time_model.g.dart
DA:9,0
DA:10,0
DA:11,0
DA:12,0
DA:16,0
DA:17,0
DA:18,0
DA:19,0
LF:8
LH:0
end_of_record
SF:lib/data/repositories/extensions.dart
DA:8,2
DA:9,6
DA:10,6
DA:12,1
DA:13,1
DA:14,2
DA:15,1
DA:16,2
LF:8
LH:8
end_of_record
